#-----------------------------------------------------------
# Vivado v2019.1 (64-bit)
# SW Build 2552052 on Fri May 24 14:49:42 MDT 2019
# IP Build 2548770 on Fri May 24 18:01:18 MDT 2019
# Start of session at: Thu Mar  5 13:43:23 2020
# Process ID: 14020
# Current directory: R:/ECE3829_Labs/ece3829_lab4
# Command line: vivado.exe -gui_launcher_event rodinguilauncherevent9400 R:\ECE3829_Labs\ece3829_lab4\ece3829_lab4.xpr
# Log file: R:/ECE3829_Labs/ece3829_lab4/vivado.log
# Journal file: R:/ECE3829_Labs/ece3829_lab4\vivado.jou
#-----------------------------------------------------------
Wstart_gui
open_project R:/ECE3829_Labs/ece3829_lab4/ece3829_lab4.xpr
Scanning sources...
Finished scanning sources
INFO: [IP_Flow 19-234] Refreshing IP repositories
INFO: [IP_Flow 19-1704] No user IP repositories specified
INFO: [IP_Flow 19-2313] Loaded Vivado IP repository 'C:/Xilinx/Vivado/2019.1/data/ip'.
open_project: Time (s): cpu = 00:00:29 ; elapsed = 00:00:47 . Memory (MB): peak = 803.484 ; gain = 203.879
update_compile_order -fileset sources_1
reset_run synth_1
reset_runs: Time (s): cpu = 00:00:02 ; elapsed = 00:00:05 . Memory (MB): peak = 836.762 ; gain = 22.699
launch_runs impl_1 -to_step write_bitstream -jobs 6
[Thu Mar  5 13:46:10 2020] Launched synth_1...
Run output will be captured here: R:/ECE3829_Labs/ece3829_lab4/ece3829_lab4.runs/synth_1/runme.log
[Thu Mar  5 13:46:10 2020] Launched impl_1...
Run output will be captured here: R:/ECE3829_Labs/ece3829_lab4/ece3829_lab4.runs/impl_1/runme.log
open_hw
connect_hw_server
INFO: [Labtools 27-2285] Connecting to hw_server url TCP:localhost:3121
INFO: [Labtools 27-2222] Launching hw_server...
INFO: [Labtools 27-2221] Launch Output:

****** Xilinx hw_server v2019.1
  **** Build date : May 24 2019 at 15:13:31
    ** Copyright 1986-2019 Xilinx, Inc. All Rights Reserved.


connect_hw_server: Time (s): cpu = 00:00:01 ; elapsed = 00:00:06 . Memory (MB): peak = 844.504 ; gain = 7.742
open_hw_target
INFO: [Labtoolstcl 44-466] Opening hw_target localhost:3121/xilinx_tcf/Digilent/210183A75959A
set_property PROGRAM.FILE {R:/ECE3829_Labs/ece3829_lab4/ece3829_lab4.runs/impl_1/mcs_top.bit} [get_hw_devices xc7a35t_0]
current_hw_device [get_hw_devices xc7a35t_0]
refresh_hw_device -update_hw_probes false [lindex [get_hw_devices xc7a35t_0] 0]
INFO: [Labtools 27-1435] Device xc7a35t (JTAG device index = 0) is not programmed (DONE status = 0).
set_property PROBES.FILE {} [get_hw_devices xc7a35t_0]
set_property FULL_PROBES.FILE {} [get_hw_devices xc7a35t_0]
set_property PROGRAM.FILE {R:/ECE3829_Labs/ece3829_lab4/ece3829_lab4.runs/impl_1/mcs_top.bit} [get_hw_devices xc7a35t_0]
program_hw_devices [get_hw_devices xc7a35t_0]
INFO: [Labtools 27-3164] End of startup status: HIGH
refresh_hw_device [lindex [get_hw_devices xc7a35t_0] 0]
INFO: [Labtools 27-1434] Device xc7a35t (JTAG device index = 0) is programmed with a design that has no supported debug core(s) in it.
INFO: [Vivado 12-4158] Exported Hardware file is out of date. Exported hardware information may be inconsistent with respect to the current state of the design. It is recommended that you re-export the design and launch SDK otherwise SDK is launched with out of date hardware system file.
launch_sdk -workspace R:/ECE3829_Labs/ece3829_lab4/ece3829_lab4.sdk -hwspec R:/ECE3829_Labs/ece3829_lab4/ece3829_lab4.sdk/mcs_top.hdf
INFO: [Vivado 12-393] Launching SDK...
INFO: [Vivado 12-417] Running xsdk -workspace R:/ECE3829_Labs/ece3829_lab4/ece3829_lab4.sdk -hwspec R:/ECE3829_Labs/ece3829_lab4/ece3829_lab4.sdk/mcs_top.hdf
INFO: [Vivado 12-3157] SDK launch initiated. Please check console for any further messages.
reset_run synth_1
launch_runs impl_1 -to_step write_bitstream -jobs 6
[Thu Mar  5 14:00:37 2020] Launched synth_1...
Run output will be captured here: R:/ECE3829_Labs/ece3829_lab4/ece3829_lab4.runs/synth_1/runme.log
[Thu Mar  5 14:00:37 2020] Launched impl_1...
Run output will be captured here: R:/ECE3829_Labs/ece3829_lab4/ece3829_lab4.runs/impl_1/runme.log
set_property PROBES.FILE {} [get_hw_devices xc7a35t_0]
set_property FULL_PROBES.FILE {} [get_hw_devices xc7a35t_0]
set_property PROGRAM.FILE {R:/ECE3829_Labs/ece3829_lab4/ece3829_lab4.runs/impl_1/mcs_top.bit} [get_hw_devices xc7a35t_0]
program_hw_devices [get_hw_devices xc7a35t_0]
INFO: [Labtools 27-3164] End of startup status: HIGH
refresh_hw_device [lindex [get_hw_devices xc7a35t_0] 0]
INFO: [Labtools 27-1434] Device xc7a35t (JTAG device index = 0) is programmed with a design that has no supported debug core(s) in it.
reset_run impl_1 -prev_step 
launch_runs impl_1 -to_step write_bitstream -jobs 6
[Thu Mar  5 14:11:13 2020] Launched impl_1...
Run output will be captured here: R:/ECE3829_Labs/ece3829_lab4/ece3829_lab4.runs/impl_1/runme.log
open_run impl_1
INFO: [Device 21-403] Loading part xc7a35tcpg236-1
INFO: [Common 17-41] Interrupt caught. Command should exit soon.
INFO: [Netlist 29-17] Analyzing 227 Unisim elements for replacement
INFO: [Netlist 29-28] Unisim Transformation completed in 0 CPU seconds
INFO: [Project 1-479] Netlist was created with Vivado 2019.1
open_run: Time (s): cpu = 00:00:10 ; elapsed = 00:00:15 . Memory (MB): peak = 2257.934 ; gain = 245.930
INFO: [Common 17-344] 'open_run' was cancelled
set_property PROBES.FILE {} [get_hw_devices xc7a35t_0]
set_property FULL_PROBES.FILE {} [get_hw_devices xc7a35t_0]
set_property PROGRAM.FILE {R:/ECE3829_Labs/ece3829_lab4/ece3829_lab4.runs/impl_1/mcs_top.bit} [get_hw_devices xc7a35t_0]
program_hw_devices [get_hw_devices xc7a35t_0]
INFO: [Labtools 27-3164] End of startup status: HIGH
refresh_hw_device [lindex [get_hw_devices xc7a35t_0] 0]
INFO: [Labtools 27-1434] Device xc7a35t (JTAG device index = 0) is programmed with a design that has no supported debug core(s) in it.
reset_run impl_1 -prev_step 
launch_runs impl_1 -to_step write_bitstream -jobs 6
[Thu Mar  5 14:35:18 2020] Launched impl_1...
Run output will be captured here: R:/ECE3829_Labs/ece3829_lab4/ece3829_lab4.runs/impl_1/runme.log
set_property PROBES.FILE {} [get_hw_devices xc7a35t_0]
set_property FULL_PROBES.FILE {} [get_hw_devices xc7a35t_0]
set_property PROGRAM.FILE {R:/ECE3829_Labs/ece3829_lab4/ece3829_lab4.runs/impl_1/mcs_top.bit} [get_hw_devices xc7a35t_0]
program_hw_devices [get_hw_devices xc7a35t_0]
INFO: [Labtools 27-3164] End of startup status: HIGH
refresh_hw_device [lindex [get_hw_devices xc7a35t_0] 0]
INFO: [Labtools 27-1434] Device xc7a35t (JTAG device index = 0) is programmed with a design that has no supported debug core(s) in it.
set_property PROBES.FILE {} [get_hw_devices xc7a35t_0]
set_property FULL_PROBES.FILE {} [get_hw_devices xc7a35t_0]
set_property PROGRAM.FILE {R:/ECE3829_Labs/ece3829_lab4/ece3829_lab4.runs/impl_1/mcs_top.bit} [get_hw_devices xc7a35t_0]
program_hw_devices [get_hw_devices xc7a35t_0]
INFO: [Labtools 27-3164] End of startup status: HIGH
refresh_hw_device [lindex [get_hw_devices xc7a35t_0] 0]
INFO: [Labtools 27-1434] Device xc7a35t (JTAG device index = 0) is programmed with a design that has no supported debug core(s) in it.
set_property PROBES.FILE {} [get_hw_devices xc7a35t_0]
set_property FULL_PROBES.FILE {} [get_hw_devices xc7a35t_0]
set_property PROGRAM.FILE {R:/ECE3829_Labs/ece3829_lab4/ece3829_lab4.runs/impl_1/mcs_top.bit} [get_hw_devices xc7a35t_0]
program_hw_devices [get_hw_devices xc7a35t_0]
INFO: [Labtools 27-3164] End of startup status: HIGH
refresh_hw_device [lindex [get_hw_devices xc7a35t_0] 0]
INFO: [Labtools 27-1434] Device xc7a35t (JTAG device index = 0) is programmed with a design that has no supported debug core(s) in it.
reset_run impl_1 -prev_step 
launch_runs impl_1 -to_step write_bitstream -jobs 6
[Thu Mar  5 14:40:29 2020] Launched impl_1...
Run output will be captured here: R:/ECE3829_Labs/ece3829_lab4/ece3829_lab4.runs/impl_1/runme.log
set_property PROBES.FILE {} [get_hw_devices xc7a35t_0]
set_property FULL_PROBES.FILE {} [get_hw_devices xc7a35t_0]
set_property PROGRAM.FILE {R:/ECE3829_Labs/ece3829_lab4/ece3829_lab4.runs/impl_1/mcs_top.bit} [get_hw_devices xc7a35t_0]
program_hw_devices [get_hw_devices xc7a35t_0]
INFO: [Labtools 27-3164] End of startup status: HIGH
refresh_hw_device [lindex [get_hw_devices xc7a35t_0] 0]
INFO: [Labtools 27-1434] Device xc7a35t (JTAG device index = 0) is programmed with a design that has no supported debug core(s) in it.
reset_run impl_1 -prev_step 
launch_runs impl_1 -to_step write_bitstream -jobs 6
[Thu Mar  5 14:44:00 2020] Launched impl_1...
Run output will be captured here: R:/ECE3829_Labs/ece3829_lab4/ece3829_lab4.runs/impl_1/runme.log
set_property PROBES.FILE {} [get_hw_devices xc7a35t_0]
set_property FULL_PROBES.FILE {} [get_hw_devices xc7a35t_0]
set_property PROGRAM.FILE {R:/ECE3829_Labs/ece3829_lab4/ece3829_lab4.runs/impl_1/mcs_top.bit} [get_hw_devices xc7a35t_0]
program_hw_devices [get_hw_devices xc7a35t_0]
INFO: [Labtools 27-3164] End of startup status: HIGH
refresh_hw_device [lindex [get_hw_devices xc7a35t_0] 0]
INFO: [Labtools 27-1434] Device xc7a35t (JTAG device index = 0) is programmed with a design that has no supported debug core(s) in it.
reset_run impl_1 -prev_step 
launch_runs impl_1 -to_step write_bitstream -jobs 6
[Thu Mar  5 14:51:43 2020] Launched impl_1...
Run output will be captured here: R:/ECE3829_Labs/ece3829_lab4/ece3829_lab4.runs/impl_1/runme.log
set_property PROBES.FILE {} [get_hw_devices xc7a35t_0]
set_property FULL_PROBES.FILE {} [get_hw_devices xc7a35t_0]
set_property PROGRAM.FILE {R:/ECE3829_Labs/ece3829_lab4/ece3829_lab4.runs/impl_1/mcs_top.bit} [get_hw_devices xc7a35t_0]
program_hw_devices [get_hw_devices xc7a35t_0]
INFO: [Labtools 27-3164] End of startup status: HIGH
refresh_hw_device [lindex [get_hw_devices xc7a35t_0] 0]
INFO: [Labtools 27-1434] Device xc7a35t (JTAG device index = 0) is programmed with a design that has no supported debug core(s) in it.
reset_run impl_1 -prev_step 
launch_runs impl_1 -to_step write_bitstream -jobs 6
[Thu Mar  5 14:54:45 2020] Launched impl_1...
Run output will be captured here: R:/ECE3829_Labs/ece3829_lab4/ece3829_lab4.runs/impl_1/runme.log
set_property PROBES.FILE {} [get_hw_devices xc7a35t_0]
set_property FULL_PROBES.FILE {} [get_hw_devices xc7a35t_0]
set_property PROGRAM.FILE {R:/ECE3829_Labs/ece3829_lab4/ece3829_lab4.runs/impl_1/mcs_top.bit} [get_hw_devices xc7a35t_0]
program_hw_devices [get_hw_devices xc7a35t_0]
INFO: [Labtools 27-3164] End of startup status: HIGH
refresh_hw_device [lindex [get_hw_devices xc7a35t_0] 0]
INFO: [Labtools 27-1434] Device xc7a35t (JTAG device index = 0) is programmed with a design that has no supported debug core(s) in it.
reset_run impl_1 -prev_step 
launch_runs impl_1 -to_step write_bitstream -jobs 6
[Thu Mar  5 14:58:15 2020] Launched impl_1...
Run output will be captured here: R:/ECE3829_Labs/ece3829_lab4/ece3829_lab4.runs/impl_1/runme.log
set_property PROBES.FILE {} [get_hw_devices xc7a35t_0]
set_property FULL_PROBES.FILE {} [get_hw_devices xc7a35t_0]
set_property PROGRAM.FILE {R:/ECE3829_Labs/ece3829_lab4/ece3829_lab4.runs/impl_1/mcs_top.bit} [get_hw_devices xc7a35t_0]
program_hw_devices [get_hw_devices xc7a35t_0]
INFO: [Labtools 27-3164] End of startup status: HIGH
refresh_hw_device [lindex [get_hw_devices xc7a35t_0] 0]
INFO: [Labtools 27-1434] Device xc7a35t (JTAG device index = 0) is programmed with a design that has no supported debug core(s) in it.
reset_run impl_1 -prev_step 
launch_runs impl_1 -to_step write_bitstream -jobs 6
[Thu Mar  5 15:01:47 2020] Launched impl_1...
Run output will be captured here: R:/ECE3829_Labs/ece3829_lab4/ece3829_lab4.runs/impl_1/runme.log
ERROR: [Labtoolstcl 44-513] HW Target shutdown. Closing target: localhost:3121/xilinx_tcf/Digilent/210183A75959A
INFO: [Labtoolstcl 44-466] Opening hw_target localhost:3121/xilinx_tcf/Digilent/210183A75959A
INFO: [Labtools 27-1434] Device xc7a35t (JTAG device index = 0) is programmed with a design that has no supported debug core(s) in it.
WARNING: [Labtoolstcl 44-129] No matching hw_ila_data was found.
ERROR: [Labtoolstcl 44-513] HW Target shutdown. Closing target: localhost:3121/xilinx_tcf/Digilent/210183A75959A
disconnect_hw_server localhost:3121
connect_hw_server
INFO: [Labtools 27-2285] Connecting to hw_server url TCP:localhost:3121
INFO: [Common 17-41] Interrupt caught. Command should exit soon.
ERROR: [Labtools 27-3419] Disconnecting from hw_server since it's not responding to requests.  It is recommended to investigate hw_server to find any issues.
INFO: [Labtools 27-2058] connect_hw_server command cancelled.
connect_hw_server: Time (s): cpu = 00:00:01 ; elapsed = 00:00:34 . Memory (MB): peak = 2292.566 ; gain = 0.000
INFO: [Common 17-344] 'connect_hw_server' was cancelled
connect_hw_server
INFO: [Labtools 27-2285] Connecting to hw_server url TCP:localhost:3121
connect_hw_server: Time (s): cpu = 00:00:01 ; elapsed = 00:00:14 . Memory (MB): peak = 2292.566 ; gain = 0.000
open_hw_target
INFO: [Labtoolstcl 44-466] Opening hw_target localhost:3121/xilinx_tcf/Digilent/210183A75959A
ERROR: [Labtools 27-2269] No devices detected on target localhost:3121/xilinx_tcf/Digilent/210183A75959A.
Check cable connectivity and that the target board is powered up then
use the disconnect_hw_server and connect_hw_server to re-register this hardware target.
ERROR: [Common 17-39] 'open_hw_target' failed due to earlier errors.
ERROR: [Labtoolstcl 44-513] HW Target shutdown. Closing target: localhost:3121/xilinx_tcf/Digilent/210183A75959A
INFO: [Labtoolstcl 44-466] Opening hw_target localhost:3121/xilinx_tcf/Digilent/210183A75959A
INFO: [Labtools 27-1435] Device xc7a35t (JTAG device index = 0) is not programmed (DONE status = 0).
WARNING: [Labtoolstcl 44-129] No matching hw_ila_data was found.
set_property PROBES.FILE {} [get_hw_devices xc7a35t_0]
set_property FULL_PROBES.FILE {} [get_hw_devices xc7a35t_0]
set_property PROGRAM.FILE {R:/ECE3829_Labs/ece3829_lab4/ece3829_lab4.runs/impl_1/mcs_top.bit} [get_hw_devices xc7a35t_0]
program_hw_devices [get_hw_devices xc7a35t_0]
INFO: [Labtools 27-3164] End of startup status: HIGH
refresh_hw_device [lindex [get_hw_devices xc7a35t_0] 0]
INFO: [Labtools 27-1434] Device xc7a35t (JTAG device index = 0) is programmed with a design that has no supported debug core(s) in it.
reset_run impl_1 -prev_step 
launch_runs impl_1 -to_step write_bitstream -jobs 6
[Thu Mar  5 15:05:46 2020] Launched impl_1...
Run output will be captured here: R:/ECE3829_Labs/ece3829_lab4/ece3829_lab4.runs/impl_1/runme.log
set_property PROBES.FILE {} [get_hw_devices xc7a35t_0]
set_property FULL_PROBES.FILE {} [get_hw_devices xc7a35t_0]
set_property PROGRAM.FILE {R:/ECE3829_Labs/ece3829_lab4/ece3829_lab4.runs/impl_1/mcs_top.bit} [get_hw_devices xc7a35t_0]
program_hw_devices [get_hw_devices xc7a35t_0]
INFO: [Labtools 27-3164] End of startup status: HIGH
refresh_hw_device [lindex [get_hw_devices xc7a35t_0] 0]
INFO: [Labtools 27-1434] Device xc7a35t (JTAG device index = 0) is programmed with a design that has no supported debug core(s) in it.
reset_run impl_1 -prev_step 
launch_runs impl_1 -to_step write_bitstream -jobs 6
[Thu Mar  5 15:09:23 2020] Launched impl_1...
Run output will be captured here: R:/ECE3829_Labs/ece3829_lab4/ece3829_lab4.runs/impl_1/runme.log
set_property PROBES.FILE {} [get_hw_devices xc7a35t_0]
set_property FULL_PROBES.FILE {} [get_hw_devices xc7a35t_0]
set_property PROGRAM.FILE {R:/ECE3829_Labs/ece3829_lab4/ece3829_lab4.runs/impl_1/mcs_top.bit} [get_hw_devices xc7a35t_0]
program_hw_devices [get_hw_devices xc7a35t_0]
INFO: [Labtools 27-3164] End of startup status: HIGH
refresh_hw_device [lindex [get_hw_devices xc7a35t_0] 0]
INFO: [Labtools 27-1434] Device xc7a35t (JTAG device index = 0) is programmed with a design that has no supported debug core(s) in it.
reset_run impl_1 -prev_step 
launch_runs impl_1 -to_step write_bitstream -jobs 6
[Thu Mar  5 15:11:38 2020] Launched impl_1...
Run output will be captured here: R:/ECE3829_Labs/ece3829_lab4/ece3829_lab4.runs/impl_1/runme.log
set_property PROBES.FILE {} [get_hw_devices xc7a35t_0]
set_property FULL_PROBES.FILE {} [get_hw_devices xc7a35t_0]
set_property PROGRAM.FILE {R:/ECE3829_Labs/ece3829_lab4/ece3829_lab4.runs/impl_1/mcs_top.bit} [get_hw_devices xc7a35t_0]
program_hw_devices [get_hw_devices xc7a35t_0]
INFO: [Labtools 27-3164] End of startup status: HIGH
refresh_hw_device [lindex [get_hw_devices xc7a35t_0] 0]
INFO: [Labtools 27-1434] Device xc7a35t (JTAG device index = 0) is programmed with a design that has no supported debug core(s) in it.
reset_run impl_1 -prev_step 
launch_runs impl_1 -to_step write_bitstream -jobs 6
[Thu Mar  5 15:16:37 2020] Launched impl_1...
Run output will be captured here: R:/ECE3829_Labs/ece3829_lab4/ece3829_lab4.runs/impl_1/runme.log
reset_run synth_1
launch_runs impl_1 -to_step write_bitstream -jobs 6
[Thu Mar  5 15:21:36 2020] Launched synth_1...
Run output will be captured here: R:/ECE3829_Labs/ece3829_lab4/ece3829_lab4.runs/synth_1/runme.log
[Thu Mar  5 15:21:36 2020] Launched impl_1...
Run output will be captured here: R:/ECE3829_Labs/ece3829_lab4/ece3829_lab4.runs/impl_1/runme.log
set_property PROBES.FILE {} [get_hw_devices xc7a35t_0]
set_property FULL_PROBES.FILE {} [get_hw_devices xc7a35t_0]
set_property PROGRAM.FILE {R:/ECE3829_Labs/ece3829_lab4/ece3829_lab4.runs/impl_1/mcs_top.bit} [get_hw_devices xc7a35t_0]
program_hw_devices [get_hw_devices xc7a35t_0]
INFO: [Labtools 27-3164] End of startup status: HIGH
refresh_hw_device [lindex [get_hw_devices xc7a35t_0] 0]
INFO: [Labtools 27-1434] Device xc7a35t (JTAG device index = 0) is programmed with a design that has no supported debug core(s) in it.
close [ open R:/ECE3829_Labs/ece3829_lab4/ece3829_lab4.srcs/sources_1/new/debounce_clk.v w ]
add_files R:/ECE3829_Labs/ece3829_lab4/ece3829_lab4.srcs/sources_1/new/debounce_clk.v
update_compile_order -fileset sources_1
update_compile_order -fileset sources_1
reset_run synth_1
launch_runs impl_1 -to_step write_bitstream -jobs 6
[Thu Mar  5 15:39:17 2020] Launched synth_1...
Run output will be captured here: R:/ECE3829_Labs/ece3829_lab4/ece3829_lab4.runs/synth_1/runme.log
[Thu Mar  5 15:39:17 2020] Launched impl_1...
Run output will be captured here: R:/ECE3829_Labs/ece3829_lab4/ece3829_lab4.runs/impl_1/runme.log
set_property PROBES.FILE {} [get_hw_devices xc7a35t_0]
set_property FULL_PROBES.FILE {} [get_hw_devices xc7a35t_0]
set_property PROGRAM.FILE {R:/ECE3829_Labs/ece3829_lab4/ece3829_lab4.runs/impl_1/mcs_top.bit} [get_hw_devices xc7a35t_0]
program_hw_devices [get_hw_devices xc7a35t_0]
INFO: [Labtools 27-3164] End of startup status: HIGH
refresh_hw_device [lindex [get_hw_devices xc7a35t_0] 0]
INFO: [Labtools 27-1434] Device xc7a35t (JTAG device index = 0) is programmed with a design that has no supported debug core(s) in it.
reset_run impl_1 -prev_step 
launch_runs impl_1 -to_step write_bitstream -jobs 6
[Thu Mar  5 15:45:59 2020] Launched impl_1...
Run output will be captured here: R:/ECE3829_Labs/ece3829_lab4/ece3829_lab4.runs/impl_1/runme.log
set_property PROBES.FILE {} [get_hw_devices xc7a35t_0]
set_property FULL_PROBES.FILE {} [get_hw_devices xc7a35t_0]
set_property PROGRAM.FILE {R:/ECE3829_Labs/ece3829_lab4/ece3829_lab4.runs/impl_1/mcs_top.bit} [get_hw_devices xc7a35t_0]
program_hw_devices [get_hw_devices xc7a35t_0]
INFO: [Labtools 27-3164] End of startup status: HIGH
refresh_hw_device [lindex [get_hw_devices xc7a35t_0] 0]
INFO: [Labtools 27-1434] Device xc7a35t (JTAG device index = 0) is programmed with a design that has no supported debug core(s) in it.
reset_run synth_1
launch_runs impl_1 -to_step write_bitstream -jobs 6
[Thu Mar  5 15:49:39 2020] Launched synth_1...
Run output will be captured here: R:/ECE3829_Labs/ece3829_lab4/ece3829_lab4.runs/synth_1/runme.log
[Thu Mar  5 15:49:39 2020] Launched impl_1...
Run output will be captured here: R:/ECE3829_Labs/ece3829_lab4/ece3829_lab4.runs/impl_1/runme.log
set_property PROBES.FILE {} [get_hw_devices xc7a35t_0]
set_property FULL_PROBES.FILE {} [get_hw_devices xc7a35t_0]
set_property PROGRAM.FILE {R:/ECE3829_Labs/ece3829_lab4/ece3829_lab4.runs/impl_1/mcs_top.bit} [get_hw_devices xc7a35t_0]
program_hw_devices [get_hw_devices xc7a35t_0]
INFO: [Labtools 27-3164] End of startup status: HIGH
refresh_hw_device [lindex [get_hw_devices xc7a35t_0] 0]
INFO: [Labtools 27-1434] Device xc7a35t (JTAG device index = 0) is programmed with a design that has no supported debug core(s) in it.
reset_run synth_1
launch_runs impl_1 -to_step write_bitstream -jobs 6
[Thu Mar  5 15:56:04 2020] Launched synth_1...
Run output will be captured here: R:/ECE3829_Labs/ece3829_lab4/ece3829_lab4.runs/synth_1/runme.log
[Thu Mar  5 15:56:04 2020] Launched impl_1...
Run output will be captured here: R:/ECE3829_Labs/ece3829_lab4/ece3829_lab4.runs/impl_1/runme.log
set_property PROBES.FILE {} [get_hw_devices xc7a35t_0]
set_property FULL_PROBES.FILE {} [get_hw_devices xc7a35t_0]
set_property PROGRAM.FILE {R:/ECE3829_Labs/ece3829_lab4/ece3829_lab4.runs/impl_1/mcs_top.bit} [get_hw_devices xc7a35t_0]
program_hw_devices [get_hw_devices xc7a35t_0]
INFO: [Labtools 27-3164] End of startup status: HIGH
refresh_hw_device [lindex [get_hw_devices xc7a35t_0] 0]
INFO: [Labtools 27-1434] Device xc7a35t (JTAG device index = 0) is programmed with a design that has no supported debug core(s) in it.
create_ip -name clk_wiz -vendor xilinx.com -library ip -version 6.0 -module_name clk_wiz_0 -dir r:/ECE3829_Labs/ece3829_lab4/ece3829_lab4.srcs/sources_1/ip
set_property -dict [list CONFIG.CLKOUT2_USED {true} CONFIG.CLK_OUT1_PORT {clk_100M} CONFIG.CLK_OUT2_PORT {clk_vga} CONFIG.CLKOUT2_REQUESTED_OUT_FREQ {25} CONFIG.MMCM_CLKOUT1_DIVIDE {40} CONFIG.NUM_OUT_CLKS {2} CONFIG.CLKOUT2_JITTER {175.402} CONFIG.CLKOUT2_PHASE_ERROR {98.575}] [get_ips clk_wiz_0]
generate_target {instantiation_template} [get_files r:/ECE3829_Labs/ece3829_lab4/ece3829_lab4.srcs/sources_1/ip/clk_wiz_0/clk_wiz_0.xci]
INFO: [IP_Flow 19-1686] Generating 'Instantiation Template' target for IP 'clk_wiz_0'...
generate_target all [get_files  r:/ECE3829_Labs/ece3829_lab4/ece3829_lab4.srcs/sources_1/ip/clk_wiz_0/clk_wiz_0.xci]
INFO: [IP_Flow 19-1686] Generating 'Synthesis' target for IP 'clk_wiz_0'...
INFO: [IP_Flow 19-1686] Generating 'Simulation' target for IP 'clk_wiz_0'...
INFO: [IP_Flow 19-1686] Generating 'Implementation' target for IP 'clk_wiz_0'...
INFO: [IP_Flow 19-1686] Generating 'Change Log' target for IP 'clk_wiz_0'...
catch { config_ip_cache -export [get_ips -all clk_wiz_0] }
export_ip_user_files -of_objects [get_files r:/ECE3829_Labs/ece3829_lab4/ece3829_lab4.srcs/sources_1/ip/clk_wiz_0/clk_wiz_0.xci] -no_script -sync -force -quiet
create_ip_run [get_files -of_objects [get_fileset sources_1] r:/ECE3829_Labs/ece3829_lab4/ece3829_lab4.srcs/sources_1/ip/clk_wiz_0/clk_wiz_0.xci]
launch_runs -jobs 6 clk_wiz_0_synth_1
[Thu Mar  5 16:04:51 2020] Launched clk_wiz_0_synth_1...
Run output will be captured here: R:/ECE3829_Labs/ece3829_lab4/ece3829_lab4.runs/clk_wiz_0_synth_1/runme.log
export_simulation -of_objects [get_files r:/ECE3829_Labs/ece3829_lab4/ece3829_lab4.srcs/sources_1/ip/clk_wiz_0/clk_wiz_0.xci] -directory R:/ECE3829_Labs/ece3829_lab4/ece3829_lab4.ip_user_files/sim_scripts -ip_user_files_dir R:/ECE3829_Labs/ece3829_lab4/ece3829_lab4.ip_user_files -ipstatic_source_dir R:/ECE3829_Labs/ece3829_lab4/ece3829_lab4.ip_user_files/ipstatic -lib_map_path [list {modelsim=R:/ECE3829_Labs/ece3829_lab4/ece3829_lab4.cache/compile_simlib/modelsim} {questa=R:/ECE3829_Labs/ece3829_lab4/ece3829_lab4.cache/compile_simlib/questa} {riviera=R:/ECE3829_Labs/ece3829_lab4/ece3829_lab4.cache/compile_simlib/riviera} {activehdl=R:/ECE3829_Labs/ece3829_lab4/ece3829_lab4.cache/compile_simlib/activehdl}] -use_ip_compiled_libs -force -quiet
update_compile_order -fileset sources_1
reset_run synth_1
launch_runs impl_1 -to_step write_bitstream -jobs 6
[Thu Mar  5 16:08:18 2020] Launched synth_1...
Run output will be captured here: R:/ECE3829_Labs/ece3829_lab4/ece3829_lab4.runs/synth_1/runme.log
[Thu Mar  5 16:08:18 2020] Launched impl_1...
Run output will be captured here: R:/ECE3829_Labs/ece3829_lab4/ece3829_lab4.runs/impl_1/runme.log
set_property PROBES.FILE {} [get_hw_devices xc7a35t_0]
set_property FULL_PROBES.FILE {} [get_hw_devices xc7a35t_0]
set_property PROGRAM.FILE {R:/ECE3829_Labs/ece3829_lab4/ece3829_lab4.runs/impl_1/mcs_top.bit} [get_hw_devices xc7a35t_0]
program_hw_devices [get_hw_devices xc7a35t_0]
INFO: [Labtools 27-3164] End of startup status: HIGH
refresh_hw_device [lindex [get_hw_devices xc7a35t_0] 0]
INFO: [Labtools 27-1434] Device xc7a35t (JTAG device index = 0) is programmed with a design that has no supported debug core(s) in it.
reset_run synth_1
launch_runs impl_1 -to_step write_bitstream -jobs 6
[Thu Mar  5 16:14:33 2020] Launched synth_1...
Run output will be captured here: R:/ECE3829_Labs/ece3829_lab4/ece3829_lab4.runs/synth_1/runme.log
[Thu Mar  5 16:14:33 2020] Launched impl_1...
Run output will be captured here: R:/ECE3829_Labs/ece3829_lab4/ece3829_lab4.runs/impl_1/runme.log
set_property PROBES.FILE {} [get_hw_devices xc7a35t_0]
set_property FULL_PROBES.FILE {} [get_hw_devices xc7a35t_0]
set_property PROGRAM.FILE {R:/ECE3829_Labs/ece3829_lab4/ece3829_lab4.runs/impl_1/mcs_top.bit} [get_hw_devices xc7a35t_0]
program_hw_devices [get_hw_devices xc7a35t_0]
INFO: [Labtools 27-3164] End of startup status: HIGH
refresh_hw_device [lindex [get_hw_devices xc7a35t_0] 0]
INFO: [Labtools 27-1434] Device xc7a35t (JTAG device index = 0) is programmed with a design that has no supported debug core(s) in it.
reset_run synth_1
launch_runs impl_1 -to_step write_bitstream -jobs 6
[Thu Mar  5 16:17:44 2020] Launched synth_1...
Run output will be captured here: R:/ECE3829_Labs/ece3829_lab4/ece3829_lab4.runs/synth_1/runme.log
[Thu Mar  5 16:17:44 2020] Launched impl_1...
Run output will be captured here: R:/ECE3829_Labs/ece3829_lab4/ece3829_lab4.runs/impl_1/runme.log
set_property PROBES.FILE {} [get_hw_devices xc7a35t_0]
set_property FULL_PROBES.FILE {} [get_hw_devices xc7a35t_0]
set_property PROGRAM.FILE {R:/ECE3829_Labs/ece3829_lab4/ece3829_lab4.runs/impl_1/mcs_top.bit} [get_hw_devices xc7a35t_0]
program_hw_devices [get_hw_devices xc7a35t_0]
INFO: [Labtools 27-3164] End of startup status: HIGH
refresh_hw_device [lindex [get_hw_devices xc7a35t_0] 0]
INFO: [Labtools 27-1434] Device xc7a35t (JTAG device index = 0) is programmed with a design that has no supported debug core(s) in it.
close_hw
