14:50:12 INFO  : Registering command handlers for SDK TCF services
14:50:15 INFO  : Launching XSCT server: xsct.bat -interactive R:\ECE3829_Labs\ece3829_lab4\ece3829_lab4.sdk\temp_xsdb_launch_script.tcl
14:50:19 INFO  : XSCT server has started successfully.
14:50:21 INFO  : Successfully done setting XSCT server connection channel  
14:50:21 INFO  : Processing command line option -hwspec R:/ECE3829_Labs/ece3829_lab4/ece3829_lab4.sdk/mcs_top.hdf.
14:50:21 INFO  : Successfully done setting SDK workspace  
13:22:36 INFO  : Registering command handlers for SDK TCF services
13:22:38 INFO  : Launching XSCT server: xsct.bat -interactive R:\ECE3829_Labs\ece3829_lab4\ece3829_lab4.sdk\temp_xsdb_launch_script.tcl
13:22:41 INFO  : XSCT server has started successfully.
13:22:41 INFO  : Successfully done setting XSCT server connection channel  
13:22:42 INFO  : Successfully done setting SDK workspace  
13:22:42 INFO  : Processing command line option -hwspec R:/ECE3829_Labs/ece3829_lab4/ece3829_lab4.sdk/mcs_top.hdf.
13:22:42 INFO  : Checking for hwspec changes in the project mcs_top_hw_platform_0.
18:03:27 INFO  : XSCT server has started successfully.
18:03:28 INFO  : Processing command line option -hwspec R:/ECE3829_Labs/ece3829_lab4/ece3829_lab4.sdk/mcs_top.hdf.
18:03:28 INFO  : Successfully done setting XSCT server connection channel  
18:03:28 INFO  : Checking for hwspec changes in the project mcs_top_hw_platform_0.
18:03:28 INFO  : Successfully done setting SDK workspace  
13:53:24 INFO  : Registering command handlers for SDK TCF services
13:53:27 INFO  : Launching XSCT server: xsct.bat -interactive R:\ECE3829_Labs\ece3829_lab4\ece3829_lab4.sdk\temp_xsdb_launch_script.tcl
13:53:39 INFO  : Successfully done setting XSCT server connection channel  
13:53:39 INFO  : Successfully done setting SDK workspace  
13:53:39 INFO  : Processing command line option -hwspec R:/ECE3829_Labs/ece3829_lab4/ece3829_lab4.sdk/mcs_top.hdf.
13:53:39 INFO  : Checking for hwspec changes in the project mcs_top_hw_platform_0.
14:20:33 INFO  : CPU Number not found for processor microblaze_I, defaulting to 0 
14:20:33 INFO  : 'targets -set -filter {jtag_cable_name =~ "Digilent Basys3 210183A75959A" && level==0} -index 0' command is executed.
14:20:33 INFO  : 'fpga -state' command is executed.
14:20:33 INFO  : Connected to target on host '127.0.0.1' and port '3121'.
14:20:33 INFO  : Bscan info not found for microblaze  microblaze_I, defaulting to 2 
14:20:33 INFO  : CPU Number not found for processor microblaze_I, defaulting to 0 
14:20:33 INFO  : Bscan info not found for microblaze  microblaze_I, defaulting to 2 
14:20:33 INFO  : CPU Number not found for processor microblaze_I, defaulting to 0 
14:20:33 INFO  : Bscan info not found for microblaze  microblaze_I, defaulting to 2 
14:20:33 INFO  : Jtag cable 'Digilent Basys3 210183A75959A' is selected.
14:20:33 INFO  : 'jtag frequency' command is executed.
14:20:34 INFO  : 'configparams mdm-detect-bscan-mask 2' command is executed.
14:20:37 ERROR : no targets found with "name =~ "microblaze*#0" && bscan=="USER2"  && jtag_cable_name =~ "Digilent Basys3 210183A75959A"". available targets:
  1* xc7a35t
14:20:37 INFO  : ----------------XSDB Script----------------
connect -url tcp:127.0.0.1:3121
configparams mdm-detect-bscan-mask 2
targets -set -nocase -filter {name =~ "microblaze*#0" && bscan=="USER2"  && jtag_cable_name =~ "Digilent Basys3 210183A75959A"} -index 0
----------------End of Script----------------

14:20:49 INFO  : CPU Number not found for processor microblaze_I, defaulting to 0 
14:20:49 INFO  : 'targets -set -filter {jtag_cable_name =~ "Digilent Basys3 210183A75959A" && level==0} -index 0' command is executed.
14:20:49 INFO  : 'fpga -state' command is executed.
14:20:49 INFO  : Connected to target on host '127.0.0.1' and port '3121'.
14:20:49 INFO  : Bscan info not found for microblaze  microblaze_I, defaulting to 2 
14:20:49 INFO  : CPU Number not found for processor microblaze_I, defaulting to 0 
14:20:49 INFO  : Bscan info not found for microblaze  microblaze_I, defaulting to 2 
14:20:49 INFO  : CPU Number not found for processor microblaze_I, defaulting to 0 
14:20:49 INFO  : Bscan info not found for microblaze  microblaze_I, defaulting to 2 
14:20:50 INFO  : Jtag cable 'Digilent Basys3 210183A75959A' is selected.
14:20:50 INFO  : 'jtag frequency' command is executed.
14:20:50 INFO  : 'configparams mdm-detect-bscan-mask 2' command is executed.
14:20:53 ERROR : no targets found with "name =~ "microblaze*#0" && bscan=="USER2"  && jtag_cable_name =~ "Digilent Basys3 210183A75959A"". available targets:
  1* xc7a35t
14:20:53 INFO  : ----------------XSDB Script----------------
connect -url tcp:127.0.0.1:3121
configparams mdm-detect-bscan-mask 2
targets -set -nocase -filter {name =~ "microblaze*#0" && bscan=="USER2"  && jtag_cable_name =~ "Digilent Basys3 210183A75959A"} -index 0
----------------End of Script----------------

14:21:38 INFO  : CPU Number not found for processor microblaze_I, defaulting to 0 
14:21:38 INFO  : 'targets -set -filter {jtag_cable_name =~ "Digilent Basys3 210183A75959A" && level==0} -index 0' command is executed.
14:21:38 INFO  : 'fpga -state' command is executed.
14:21:38 INFO  : Connected to target on host '127.0.0.1' and port '3121'.
14:21:38 INFO  : Bscan info not found for microblaze  microblaze_I, defaulting to 2 
14:21:38 INFO  : CPU Number not found for processor microblaze_I, defaulting to 0 
14:21:38 INFO  : Bscan info not found for microblaze  microblaze_I, defaulting to 2 
14:21:38 INFO  : CPU Number not found for processor microblaze_I, defaulting to 0 
14:21:38 INFO  : Bscan info not found for microblaze  microblaze_I, defaulting to 2 
14:21:39 INFO  : Jtag cable 'Digilent Basys3 210183A75959A' is selected.
14:21:39 INFO  : 'jtag frequency' command is executed.
14:21:39 INFO  : 'configparams mdm-detect-bscan-mask 2' command is executed.
14:21:42 ERROR : no targets found with "name =~ "microblaze*#0" && bscan=="USER2"  && jtag_cable_name =~ "Digilent Basys3 210183A75959A"". available targets:
  1* xc7a35t
14:21:42 INFO  : ----------------XSDB Script----------------
connect -url tcp:127.0.0.1:3121
configparams mdm-detect-bscan-mask 2
targets -set -nocase -filter {name =~ "microblaze*#0" && bscan=="USER2"  && jtag_cable_name =~ "Digilent Basys3 210183A75959A"} -index 0
----------------End of Script----------------

14:27:10 INFO  : CPU Number not found for processor microblaze_I, defaulting to 0 
14:27:10 INFO  : 'targets -set -filter {jtag_cable_name =~ "Digilent Basys3 210183A75959A" && level==0} -index 0' command is executed.
14:27:10 INFO  : 'fpga -state' command is executed.
14:27:10 INFO  : Connected to target on host '127.0.0.1' and port '3121'.
14:27:10 INFO  : Bscan info not found for microblaze  microblaze_I, defaulting to 2 
14:27:10 INFO  : CPU Number not found for processor microblaze_I, defaulting to 0 
14:27:10 INFO  : Bscan info not found for microblaze  microblaze_I, defaulting to 2 
14:27:10 INFO  : CPU Number not found for processor microblaze_I, defaulting to 0 
14:27:10 INFO  : Bscan info not found for microblaze  microblaze_I, defaulting to 2 
14:27:10 INFO  : Jtag cable 'Digilent Basys3 210183A75959A' is selected.
14:27:10 INFO  : 'jtag frequency' command is executed.
14:27:10 INFO  : 'configparams mdm-detect-bscan-mask 2' command is executed.
14:27:13 ERROR : no targets found with "name =~ "microblaze*#0" && bscan=="USER2"  && jtag_cable_name =~ "Digilent Basys3 210183A75959A"". available targets:
  1* xc7a35t
14:27:13 INFO  : ----------------XSDB Script----------------
connect -url tcp:127.0.0.1:3121
configparams mdm-detect-bscan-mask 2
targets -set -nocase -filter {name =~ "microblaze*#0" && bscan=="USER2"  && jtag_cable_name =~ "Digilent Basys3 210183A75959A"} -index 0
----------------End of Script----------------

14:27:40 INFO  : Connected to target on host '127.0.0.1' and port '3121'.
14:28:07 INFO  : CPU Number not found for processor microblaze_I, defaulting to 0 
14:28:07 INFO  : 'targets -set -filter {jtag_cable_name =~ "Digilent Basys3 210183A75959A" && level==0} -index 0' command is executed.
14:28:07 INFO  : 'fpga -state' command is executed.
14:28:07 INFO  : Connected to target on host '127.0.0.1' and port '3121'.
14:28:07 INFO  : Bscan info not found for microblaze  microblaze_I, defaulting to 2 
14:28:07 INFO  : CPU Number not found for processor microblaze_I, defaulting to 0 
14:28:07 INFO  : Bscan info not found for microblaze  microblaze_I, defaulting to 2 
14:28:07 INFO  : CPU Number not found for processor microblaze_I, defaulting to 0 
14:28:07 INFO  : Bscan info not found for microblaze  microblaze_I, defaulting to 2 
14:28:07 INFO  : Jtag cable 'Digilent Basys3 210183A75959A' is selected.
14:28:07 INFO  : 'jtag frequency' command is executed.
14:28:07 INFO  : 'configparams mdm-detect-bscan-mask 2' command is executed.
14:28:10 ERROR : no targets found with "name =~ "microblaze*#0" && bscan=="USER2"  && jtag_cable_name =~ "Digilent Basys3 210183A75959A"". available targets:
  1* xc7a35t
14:28:11 INFO  : ----------------XSDB Script----------------
connect -url tcp:127.0.0.1:3121
configparams mdm-detect-bscan-mask 2
targets -set -nocase -filter {name =~ "microblaze*#0" && bscan=="USER2"  && jtag_cable_name =~ "Digilent Basys3 210183A75959A"} -index 0
----------------End of Script----------------

